[2026-04-06 13:09:03] INFO Fetching list page {"page":1,"url":"https://ncs.io"}
[2026-04-06 13:09:17] INFO Fetching list page {"page":2,"url":"https://ncs.io?page=2"}
[2026-04-06 13:09:30] INFO Fetching list page {"page":3,"url":"https://ncs.io?page=3"}
[2026-04-06 13:09:44] INFO Fetching list page {"page":4,"url":"https://ncs.io?page=4"}
[2026-04-06 13:09:57] INFO Fetching list page {"page":5,"url":"https://ncs.io?page=5"}
[2026-04-06 13:10:11] INFO Fetching list page {"page":6,"url":"https://ncs.io?page=6"}
[2026-04-06 13:10:25] INFO Fetching list page {"page":7,"url":"https://ncs.io?page=7"}
[2026-04-06 13:10:38] INFO Fetching list page {"page":8,"url":"https://ncs.io?page=8"}
[2026-04-06 13:10:52] INFO Fetching list page {"page":9,"url":"https://ncs.io?page=9"}
[2026-04-06 13:11:05] INFO Fetching list page {"page":10,"url":"https://ncs.io?page=10"}
[2026-04-06 13:11:19] INFO Fetching list page {"page":11,"url":"https://ncs.io?page=11"}
[2026-04-06 13:11:32] INFO Fetching list page {"page":12,"url":"https://ncs.io?page=12"}
[2026-04-06 13:11:45] INFO Fetching list page {"page":13,"url":"https://ncs.io?page=13"}
[2026-04-06 13:11:59] INFO Fetching list page {"page":14,"url":"https://ncs.io?page=14"}
[2026-04-06 13:12:12] INFO Fetching list page {"page":15,"url":"https://ncs.io?page=15"}
[2026-04-06 13:12:26] INFO Fetching list page {"page":16,"url":"https://ncs.io?page=16"}
[2026-04-06 13:12:39] INFO Fetching list page {"page":17,"url":"https://ncs.io?page=17"}
[2026-04-06 13:12:53] INFO Fetching list page {"page":18,"url":"https://ncs.io?page=18"}
[2026-04-06 13:12:57] ERROR Crawler failed {"error":"HTTP GET failed for https://ncs.io/BrokenString (status 404) "}
[2026-04-06 13:25:22] INFO Fetching list page {"page":1,"url":"https://ncs.io"}
[2026-04-06 13:25:23] INFO Fetching list page {"page":2,"url":"https://ncs.io?page=2"}
[2026-04-06 13:25:26] INFO Fetching list page {"page":3,"url":"https://ncs.io?page=3"}
[2026-04-06 13:25:28] INFO Fetching list page {"page":4,"url":"https://ncs.io?page=4"}
[2026-04-06 13:25:30] INFO Fetching list page {"page":5,"url":"https://ncs.io?page=5"}
[2026-04-06 13:25:32] INFO Fetching list page {"page":6,"url":"https://ncs.io?page=6"}
[2026-04-06 13:25:34] INFO Fetching list page {"page":7,"url":"https://ncs.io?page=7"}
[2026-04-06 13:25:36] INFO Fetching list page {"page":8,"url":"https://ncs.io?page=8"}
[2026-04-06 13:25:38] INFO Fetching list page {"page":9,"url":"https://ncs.io?page=9"}
[2026-04-06 13:25:41] INFO Fetching list page {"page":10,"url":"https://ncs.io?page=10"}
[2026-04-06 13:25:42] INFO Fetching list page {"page":11,"url":"https://ncs.io?page=11"}
[2026-04-06 13:25:45] INFO Fetching list page {"page":12,"url":"https://ncs.io?page=12"}
[2026-04-06 13:25:46] INFO Fetching list page {"page":13,"url":"https://ncs.io?page=13"}
[2026-04-06 13:25:49] INFO Fetching list page {"page":14,"url":"https://ncs.io?page=14"}
[2026-04-06 13:25:49] INFO Fetching list page {"page":15,"url":"https://ncs.io?page=15"}
[2026-04-06 13:25:53] INFO Fetching list page {"page":16,"url":"https://ncs.io?page=16"}
[2026-04-06 13:25:53] INFO Fetching list page {"page":17,"url":"https://ncs.io?page=17"}
[2026-04-06 13:25:57] INFO Fetching list page {"page":18,"url":"https://ncs.io?page=18"}
[2026-04-06 13:25:58] ERROR Crawler failed {"error":"Call to undefined method Logger::warning()"}
[2026-04-06 13:29:12] INFO Fetching list page {"page":1,"url":"https://ncs.io"}
[2026-04-06 13:29:25] INFO Fetching list page {"page":2,"url":"https://ncs.io?page=2"}
[2026-04-06 13:29:36] INFO Fetching list page {"page":3,"url":"https://ncs.io?page=3"}
[2026-04-06 13:29:49] INFO Fetching list page {"page":4,"url":"https://ncs.io?page=4"}
[2026-04-06 13:30:01] INFO Fetching list page {"page":5,"url":"https://ncs.io?page=5"}
[2026-04-06 13:30:16] INFO Fetching list page {"page":6,"url":"https://ncs.io?page=6"}
[2026-04-06 13:30:28] INFO Fetching list page {"page":7,"url":"https://ncs.io?page=7"}
[2026-04-06 13:30:40] INFO Fetching list page {"page":8,"url":"https://ncs.io?page=8"}
[2026-04-06 13:30:52] INFO Fetching list page {"page":9,"url":"https://ncs.io?page=9"}
[2026-04-06 13:31:03] INFO Fetching list page {"page":10,"url":"https://ncs.io?page=10"}
[2026-04-06 13:31:16] INFO Fetching list page {"page":11,"url":"https://ncs.io?page=11"}
[2026-04-06 13:31:27] INFO Fetching list page {"page":12,"url":"https://ncs.io?page=12"}
[2026-04-06 13:31:41] INFO Fetching list page {"page":13,"url":"https://ncs.io?page=13"}
[2026-04-06 13:31:52] INFO Fetching list page {"page":14,"url":"https://ncs.io?page=14"}
[2026-04-06 13:32:05] INFO Fetching list page {"page":15,"url":"https://ncs.io?page=15"}
[2026-04-06 13:32:16] INFO Fetching list page {"page":16,"url":"https://ncs.io?page=16"}
[2026-04-06 13:32:30] INFO Fetching list page {"page":17,"url":"https://ncs.io?page=17"}
[2026-04-06 13:32:40] INFO Fetching list page {"page":18,"url":"https://ncs.io?page=18"}
[2026-04-06 13:32:44] ERROR Crawler failed {"error":"Call to undefined method Logger::warning()"}
[2026-04-06 13:33:39] INFO Fetching list page {"page":1,"url":"https://ncs.io"}
[2026-04-06 13:33:40] INFO Fetching list page {"page":2,"url":"https://ncs.io?page=2"}
[2026-04-06 13:33:43] INFO Fetching list page {"page":3,"url":"https://ncs.io?page=3"}
[2026-04-06 13:33:44] INFO Fetching list page {"page":4,"url":"https://ncs.io?page=4"}
[2026-04-06 13:33:47] INFO Fetching list page {"page":5,"url":"https://ncs.io?page=5"}
[2026-04-06 13:33:49] INFO Fetching list page {"page":6,"url":"https://ncs.io?page=6"}
[2026-04-06 13:33:50] INFO Fetching list page {"page":7,"url":"https://ncs.io?page=7"}
[2026-04-06 13:33:53] INFO Fetching list page {"page":8,"url":"https://ncs.io?page=8"}
[2026-04-06 13:33:55] INFO Fetching list page {"page":9,"url":"https://ncs.io?page=9"}
[2026-04-06 13:33:57] INFO Fetching list page {"page":10,"url":"https://ncs.io?page=10"}
[2026-04-06 13:33:58] INFO Fetching list page {"page":11,"url":"https://ncs.io?page=11"}
[2026-04-06 13:34:02] INFO Fetching list page {"page":12,"url":"https://ncs.io?page=12"}
[2026-04-06 13:34:02] INFO Fetching list page {"page":13,"url":"https://ncs.io?page=13"}
[2026-04-06 13:34:05] INFO Fetching list page {"page":14,"url":"https://ncs.io?page=14"}
[2026-04-06 13:34:06] INFO Fetching list page {"page":15,"url":"https://ncs.io?page=15"}
[2026-04-06 13:34:09] INFO Fetching list page {"page":16,"url":"https://ncs.io?page=16"}
[2026-04-06 13:34:10] INFO Fetching list page {"page":17,"url":"https://ncs.io?page=17"}
[2026-04-06 13:34:13] INFO Fetching list page {"page":18,"url":"https://ncs.io?page=18"}
[2026-04-06 13:34:14] INFO Skipping detail page after fetch/parsing error {"page_url":"https://ncs.io/BrokenString","slug":"BrokenString","external_id":"5c036b03-ea23-4298-b3eb-103cfbcd0d5e","error":"HTTP GET failed for https://ncs.io/BrokenString (status 404) "}
[2026-04-06 13:34:23] INFO Fetching list page {"page":19,"url":"https://ncs.io?page=19"}
[2026-04-06 13:34:37] INFO Fetching list page {"page":20,"url":"https://ncs.io?page=20"}
[2026-04-06 13:34:47] INFO Fetching list page {"page":21,"url":"https://ncs.io?page=21"}
[2026-04-06 13:35:01] INFO Fetching list page {"page":22,"url":"https://ncs.io?page=22"}
[2026-04-06 13:35:12] INFO Fetching list page {"page":23,"url":"https://ncs.io?page=23"}
[2026-04-06 13:35:25] INFO Fetching list page {"page":24,"url":"https://ncs.io?page=24"}
[2026-04-06 13:35:36] INFO Fetching list page {"page":25,"url":"https://ncs.io?page=25"}
[2026-04-06 13:35:41] INFO Skipping invalid song page URL {"page_url":"https://ncs.io/follow.","slug":"follow.","external_id":"27fa5cb7-7fa9-4214-ba82-a0b399681343"}
[2026-04-06 13:35:49] INFO Fetching list page {"page":26,"url":"https://ncs.io?page=26"}
[2026-04-06 13:36:00] INFO Fetching list page {"page":27,"url":"https://ncs.io?page=27"}
[2026-04-06 13:36:13] INFO Fetching list page {"page":28,"url":"https://ncs.io?page=28"}
[2026-04-06 13:36:24] INFO Fetching list page {"page":29,"url":"https://ncs.io?page=29"}
[2026-04-06 13:36:37] INFO Fetching list page {"page":30,"url":"https://ncs.io?page=30"}
[2026-04-06 13:36:48] INFO Fetching list page {"page":31,"url":"https://ncs.io?page=31"}
[2026-04-06 13:37:01] INFO Fetching list page {"page":32,"url":"https://ncs.io?page=32"}
[2026-04-06 13:37:12] INFO Fetching list page {"page":33,"url":"https://ncs.io?page=33"}
[2026-04-06 13:37:26] INFO Fetching list page {"page":34,"url":"https://ncs.io?page=34"}
[2026-04-06 13:37:37] INFO Fetching list page {"page":35,"url":"https://ncs.io?page=35"}
[2026-04-06 13:37:50] INFO Fetching list page {"page":36,"url":"https://ncs.io?page=36"}
[2026-04-06 13:38:01] INFO Fetching list page {"page":37,"url":"https://ncs.io?page=37"}
[2026-04-06 13:38:14] INFO Fetching list page {"page":38,"url":"https://ncs.io?page=38"}
[2026-04-06 13:38:25] INFO Fetching list page {"page":39,"url":"https://ncs.io?page=39"}
[2026-04-06 13:38:38] INFO Fetching list page {"page":40,"url":"https://ncs.io?page=40"}
[2026-04-06 13:38:49] INFO Fetching list page {"page":41,"url":"https://ncs.io?page=41"}
[2026-04-06 13:39:03] INFO Fetching list page {"page":42,"url":"https://ncs.io?page=42"}
[2026-04-06 13:39:13] INFO Fetching list page {"page":43,"url":"https://ncs.io?page=43"}
[2026-04-06 13:39:27] INFO Fetching list page {"page":44,"url":"https://ncs.io?page=44"}
[2026-04-06 13:39:37] INFO Fetching list page {"page":45,"url":"https://ncs.io?page=45"}
[2026-04-06 13:39:50] INFO Fetching list page {"page":46,"url":"https://ncs.io?page=46"}
[2026-04-06 13:39:59] INFO Skipping detail page after fetch/parsing error {"page_url":"https://ncs.io/JRise","slug":"JRise","external_id":"d3d5428d-dd65-4cb3-942a-03780eb4db97","error":"HTTP GET failed for https://ncs.io/JRise (status 404) "}
[2026-04-06 13:40:01] INFO Fetching list page {"page":47,"url":"https://ncs.io?page=47"}
[2026-04-06 13:40:13] INFO Skipping detail page after fetch/parsing error {"page_url":"https://ncs.io/TakeMeAway","slug":"TakeMeAway","external_id":"51f660f0-c7ed-415a-bc89-a534764af21c","error":"HTTP GET failed for https://ncs.io/TakeMeAway (status 404) "}
[2026-04-06 13:40:14] INFO Fetching list page {"page":48,"url":"https://ncs.io?page=48"}
[2026-04-06 13:40:25] INFO Fetching list page {"page":49,"url":"https://ncs.io?page=49"}
[2026-04-06 13:40:28] INFO Skipping detail page after fetch/parsing error {"page_url":"https://ncs.io/TalkIsCheap","slug":"TalkIsCheap","external_id":"2a369023-bcd0-4102-8d19-28f529d99130","error":"HTTP GET failed for https://ncs.io/TalkIsCheap (status 404) "}
[2026-04-06 13:40:33] INFO Skipping detail page after fetch/parsing error {"page_url":"https://ncs.io/Freefalling","slug":"Freefalling","external_id":"bf34492b-8a13-4cc7-a967-5833b11874fc","error":"HTTP GET failed for https://ncs.io/Freefalling (status 404) "}
[2026-04-06 13:40:38] INFO Fetching list page {"page":50,"url":"https://ncs.io?page=50"}
[2026-04-06 13:40:49] INFO Fetching list page {"page":51,"url":"https://ncs.io?page=51"}
[2026-04-06 13:41:02] INFO Fetching list page {"page":52,"url":"https://ncs.io?page=52"}
[2026-04-06 13:41:13] INFO Fetching list page {"page":53,"url":"https://ncs.io?page=53"}
[2026-04-06 13:41:27] INFO Fetching list page {"page":54,"url":"https://ncs.io?page=54"}
[2026-04-06 13:41:37] INFO Fetching list page {"page":55,"url":"https://ncs.io?page=55"}
[2026-04-06 13:41:51] INFO Fetching list page {"page":56,"url":"https://ncs.io?page=56"}
[2026-04-06 13:42:01] INFO Fetching list page {"page":57,"url":"https://ncs.io?page=57"}
[2026-04-06 13:42:15] INFO Fetching list page {"page":58,"url":"https://ncs.io?page=58"}
[2026-04-06 13:42:26] INFO Fetching list page {"page":59,"url":"https://ncs.io?page=59"}
[2026-04-06 13:42:39] INFO Fetching list page {"page":60,"url":"https://ncs.io?page=60"}
[2026-04-06 13:42:51] INFO Fetching list page {"page":61,"url":"https://ncs.io?page=61"}
[2026-04-06 13:43:06] INFO Fetching list page {"page":62,"url":"https://ncs.io?page=62"}
[2026-04-06 13:43:16] INFO Fetching list page {"page":63,"url":"https://ncs.io?page=63"}
[2026-04-06 13:43:30] INFO Fetching list page {"page":64,"url":"https://ncs.io?page=64"}
[2026-04-06 13:43:41] INFO Fetching list page {"page":65,"url":"https://ncs.io?page=65"}
[2026-04-06 13:43:54] INFO Fetching list page {"page":66,"url":"https://ncs.io?page=66"}
[2026-04-06 13:44:05] INFO Fetching list page {"page":67,"url":"https://ncs.io?page=67"}
[2026-04-06 13:44:12] INFO Skipping detail page after fetch/parsing error {"page_url":"https://ncs.io/ForgiveMe","slug":"ForgiveMe","external_id":"7262891f-1d83-4bc8-8c44-51922eec8a93","error":"HTTP GET failed for https://ncs.io/ForgiveMe (status 404) "}
[2026-04-06 13:44:18] INFO Fetching list page {"page":68,"url":"https://ncs.io?page=68"}
[2026-04-06 13:44:19] INFO Skipping detail page after fetch/parsing error {"page_url":"https://ncs.io/FirstLove","slug":"FirstLove","external_id":"a15505b6-660e-4502-a821-6dce08f28290","error":"HTTP GET failed for https://ncs.io/FirstLove (status 404) "}
[2026-04-06 13:44:29] INFO Fetching list page {"page":69,"url":"https://ncs.io?page=69"}
[2026-04-06 13:44:42] INFO Fetching list page {"page":70,"url":"https://ncs.io?page=70"}
[2026-04-06 13:44:52] INFO Fetching list page {"page":71,"url":"https://ncs.io?page=71"}
[2026-04-06 13:45:06] INFO Fetching list page {"page":72,"url":"https://ncs.io?page=72"}
[2026-04-06 13:45:16] INFO Fetching list page {"page":73,"url":"https://ncs.io?page=73"}
[2026-04-06 13:45:30] INFO Fetching list page {"page":74,"url":"https://ncs.io?page=74"}
[2026-04-06 13:45:40] INFO Fetching list page {"page":75,"url":"https://ncs.io?page=75"}
